
optiboot_atmega1280.elf:     file format elf32-avr

Sections:
Idx Name          Size      VMA       LMA       File off  Algn
  0 .data         00000000  00800200  0001fe70  00000304  2**0
                  CONTENTS, ALLOC, LOAD, DATA
  1 .text         00000270  0001fc00  0001fc00  00000094  2**1
                  CONTENTS, ALLOC, LOAD, READONLY, CODE
  2 .version      00000002  0001fffe  0001fffe  00000304  2**0
                  CONTENTS, ALLOC, LOAD, READONLY, DATA
  3 .comment      00000011  00000000  00000000  00000306  2**0
                  CONTENTS, READONLY
  4 .debug_aranges 00000030  00000000  00000000  00000317  2**0
                  CONTENTS, READONLY, DEBUGGING
  5 .debug_info   000006e2  00000000  00000000  00000347  2**0
                  CONTENTS, READONLY, DEBUGGING
  6 .debug_abbrev 000002a1  00000000  00000000  00000a29  2**0
                  CONTENTS, READONLY, DEBUGGING
  7 .debug_line   0000039d  00000000  00000000  00000cca  2**0
                  CONTENTS, READONLY, DEBUGGING
  8 .debug_frame  000000b4  00000000  00000000  00001068  2**2
                  CONTENTS, READONLY, DEBUGGING
  9 .debug_str    000001e2  00000000  00000000  0000111c  2**0
                  CONTENTS, READONLY, DEBUGGING
 10 .debug_loc    000004b4  00000000  00000000  000012fe  2**0
                  CONTENTS, READONLY, DEBUGGING
 11 .debug_ranges 00000038  00000000  00000000  000017b2  2**0
                  CONTENTS, READONLY, DEBUGGING

Disassembly of section .text:

0001fc00 <pre_main>:
/* everything that needs to run VERY early */
void pre_main(void) {
  // Allow convenient way of calling do_spm function - jump table,
  //   so entry to this function will always be here, indepedent of compilation,
  //   features etc
  asm volatile (
   1fc00:	01 c0       	rjmp	.+2      	; 0x1fc04 <main>
   1fc02:	e2 c0       	rjmp	.+452    	; 0x1fdc8 <do_spm>

0001fc04 <main>:
  );
}


/* main program starts here */
int main(void) {
   1fc04:	1f 92       	push	r1
   1fc06:	cd b7       	in	r28, 0x3d	; 61
   1fc08:	de b7       	in	r29, 0x3e	; 62
  //  SP points to RAMEND
  //  r1 contains zero
  //
  // If not, uncomment the following instructions:
  // cli();
  asm volatile ("clr __zero_reg__");
   1fc0a:	11 24       	eor	r1, r1
   * and still skip bootloader if not necessary
   * 
   * Code by MarkG55
   * see discusion in https://github.com/Optiboot/optiboot/issues/97
   */
  ch = MCUSR;
   1fc0c:	84 b7       	in	r24, 0x34	; 52
  if (ch != 0) {
   1fc0e:	88 23       	and	r24, r24
   1fc10:	49 f0       	breq	.+18     	; 0x1fc24 <main+0x20>
    if ((ch & (_BV(WDRF) | _BV(EXTRF))) != _BV(EXTRF)) { // To run the boot loader, External Reset Flag must be set and the Watchdog Flag MUST be cleared!  Otherwise jump straight to user code.
   1fc12:	98 2f       	mov	r25, r24
   1fc14:	9a 70       	andi	r25, 0x0A	; 10
   1fc16:	92 30       	cpi	r25, 0x02	; 2
   1fc18:	29 f0       	breq	.+10     	; 0x1fc24 <main+0x20>
      if (ch & _BV(EXTRF)) 
   1fc1a:	81 ff       	sbrs	r24, 1
   1fc1c:	02 c0       	rjmp	.+4      	; 0x1fc22 <main+0x1e>
          MCUSR = ~(_BV(WDRF));  // Clear WDRF because it was actually caused by bootloader
   1fc1e:	97 ef       	ldi	r25, 0xF7	; 247
   1fc20:	94 bf       	out	0x34, r25	; 52
      appStart(ch);
   1fc22:	0a d1       	rcall	.+532    	; 0x1fe38 <appStart>
    }
  }
  
#if LED_START_FLASHES > 0
  // Set up Timer 1 for timeout counter
  TCCR1B = _BV(CS12) | _BV(CS10); // div 1024
   1fc24:	85 e0       	ldi	r24, 0x05	; 5
   1fc26:	80 93 81 00 	sts	0x0081, r24
  UCSRA = _BV(U2X); //Double speed mode USART
  UCSRB = _BV(RXEN) | _BV(TXEN);  // enable Rx & Tx
  UCSRC = _BV(URSEL) | _BV(UCSZ1) | _BV(UCSZ0);  // config USART; 8N1
  UBRRL = (uint8_t)( (F_CPU + BAUD_RATE * 4L) / (BAUD_RATE * 8L) - 1 );
#else
  UART_SRA = _BV(U2X0); //Double speed mode USART0
   1fc2a:	82 e0       	ldi	r24, 0x02	; 2
   1fc2c:	80 93 c0 00 	sts	0x00C0, r24
  UART_SRB = _BV(RXEN0) | _BV(TXEN0);
   1fc30:	88 e1       	ldi	r24, 0x18	; 24
   1fc32:	80 93 c1 00 	sts	0x00C1, r24
  UART_SRC = _BV(UCSZ00) | _BV(UCSZ01);
   1fc36:	86 e0       	ldi	r24, 0x06	; 6
   1fc38:	80 93 c2 00 	sts	0x00C2, r24
  UART_SRL = (uint8_t)( (F_CPU + BAUD_RATE * 4L) / (BAUD_RATE * 8L) - 1 );
   1fc3c:	80 e1       	ldi	r24, 0x10	; 16
   1fc3e:	80 93 c4 00 	sts	0x00C4, r24
#endif
#endif

  // Set up watchdog to trigger after 1s
  watchdogConfig(WATCHDOG_1S);
   1fc42:	8e e0       	ldi	r24, 0x0E	; 14
   1fc44:	e4 d0       	rcall	.+456    	; 0x1fe0e <watchdogConfig>

#if (LED_START_FLASHES > 0) || defined(LED_DATA_FLASH)
  /* Set LED pin as output */
  LED_DDR |= _BV(LED);
   1fc46:	27 9a       	sbi	0x04, 7	; 4
   1fc48:	26 e0       	ldi	r18, 0x06	; 6
}

#if LED_START_FLASHES > 0
void flash_led(uint8_t count) {
  do {
    TCNT1 = -(F_CPU/(1024*16));
   1fc4a:	80 e3       	ldi	r24, 0x30	; 48
   1fc4c:	9c ef       	ldi	r25, 0xFC	; 252
    TIFR1 = _BV(TOV1);
   1fc4e:	31 e0       	ldi	r19, 0x01	; 1
}

#if LED_START_FLASHES > 0
void flash_led(uint8_t count) {
  do {
    TCNT1 = -(F_CPU/(1024*16));
   1fc50:	90 93 85 00 	sts	0x0085, r25
   1fc54:	80 93 84 00 	sts	0x0084, r24
    TIFR1 = _BV(TOV1);
   1fc58:	36 bb       	out	0x16, r19	; 22
    while(!(TIFR1 & _BV(TOV1)));
   1fc5a:	b0 9b       	sbis	0x16, 0	; 22
   1fc5c:	fe cf       	rjmp	.-4      	; 0x1fc5a <main+0x56>
#if defined(__AVR_ATmega8__)  || defined (__AVR_ATmega32__)
    LED_PORT ^= _BV(LED);
#else
    LED_PIN |= _BV(LED);
   1fc5e:	1f 9a       	sbi	0x03, 7	; 3
}
#endif

// Watchdog functions. These are only safe with interrupts turned off.
void watchdogReset() {
  __asm__ __volatile__ (
   1fc60:	a8 95       	wdr
   1fc62:	21 50       	subi	r18, 0x01	; 1
    LED_PORT ^= _BV(LED);
#else
    LED_PIN |= _BV(LED);
#endif
    watchdogReset();
  } while (--count);
   1fc64:	a9 f7       	brne	.-22     	; 0x1fc50 <main+0x4c>
   1fc66:	81 2c       	mov	r8, r1
   1fc68:	91 2c       	mov	r9, r1
#endif

  /* Forever loop: exits by causing WDT reset */
  for (;;) {
    /* get character from UART */
    ch = getch();
   1fc6a:	c5 d0       	rcall	.+394    	; 0x1fdf6 <getch>

    if(ch == STK_GET_PARAMETER) {
   1fc6c:	81 34       	cpi	r24, 0x41	; 65
   1fc6e:	d1 f4       	brne	.+52     	; 0x1fca4 <main+0xa0>
      unsigned char which = getch();
   1fc70:	c2 d0       	rcall	.+388    	; 0x1fdf6 <getch>
      verifySpace();
   1fc72:	89 83       	std	Y+1, r24	; 0x01
   1fc74:	d2 d0       	rcall	.+420    	; 0x1fe1a <verifySpace>
      /*
       * Send optiboot version as "SW version"
       * Note that the references to memory are optimized away.
       */
      if (which == 0x82) {
   1fc76:	89 81       	ldd	r24, Y+1	; 0x01
   1fc78:	82 38       	cpi	r24, 0x82	; 130
   1fc7a:	11 f4       	brne	.+4      	; 0x1fc80 <main+0x7c>
	  putch(optiboot_version & 0xFF);
   1fc7c:	82 e0       	ldi	r24, 0x02	; 2
   1fc7e:	10 c0       	rjmp	.+32     	; 0x1fca0 <main+0x9c>
      } else if (which == 0x81) {
   1fc80:	81 38       	cpi	r24, 0x81	; 129
   1fc82:	69 f4       	brne	.+26     	; 0x1fc9e <main+0x9a>
	  putch(optiboot_version >> 8);
   1fc84:	86 e0       	ldi	r24, 0x06	; 6
   1fc86:	0c c0       	rjmp	.+24     	; 0x1fca0 <main+0x9c>
      writebuffer(desttype, buff, address, savelength);


    }
    /* Read memory block mode, length is big endian.  */
    else if(ch == STK_READ_PAGE) {
   1fc88:	84 37       	cpi	r24, 0x74	; 116
   1fc8a:	09 f4       	brne	.+2      	; 0x1fc8e <main+0x8a>
   1fc8c:	73 c0       	rjmp	.+230    	; 0x1fd74 <main+0x170>

      read_mem(desttype, address, length);
    }

    /* Get device signature bytes  */
    else if(ch == STK_READ_SIGN) {
   1fc8e:	85 37       	cpi	r24, 0x75	; 117
   1fc90:	09 f0       	breq	.+2      	; 0x1fc94 <main+0x90>
   1fc92:	92 c0       	rjmp	.+292    	; 0x1fdb8 <main+0x1b4>
      // READ SIGN - return what Avrdude wants to hear
      verifySpace();
   1fc94:	c2 d0       	rcall	.+388    	; 0x1fe1a <verifySpace>
      putch(SIGNATURE_0);
   1fc96:	8e e1       	ldi	r24, 0x1E	; 30
   1fc98:	a7 d0       	rcall	.+334    	; 0x1fde8 <putch>
      putch(SIGNATURE_1);
   1fc9a:	87 e9       	ldi	r24, 0x97	; 151
   1fc9c:	a5 d0       	rcall	.+330    	; 0x1fde8 <putch>
      } else {
	/*
	 * GET PARAMETER returns a generic 0x03 reply for
         * other parameters - enough to keep Avrdude happy
	 */
	putch(0x03);
   1fc9e:	83 e0       	ldi	r24, 0x03	; 3
   1fca0:	a3 d0       	rcall	.+326    	; 0x1fde8 <putch>
   1fca2:	8f c0       	rjmp	.+286    	; 0x1fdc2 <main+0x1be>
      }
    }
    else if(ch == STK_SET_DEVICE) {
   1fca4:	82 34       	cpi	r24, 0x42	; 66
   1fca6:	11 f4       	brne	.+4      	; 0x1fcac <main+0xa8>
      // SET DEVICE is ignored
      getNch(20);
   1fca8:	84 e1       	ldi	r24, 0x14	; 20
   1fcaa:	03 c0       	rjmp	.+6      	; 0x1fcb2 <main+0xae>
    }
    else if(ch == STK_SET_DEVICE_EXT) {
   1fcac:	85 34       	cpi	r24, 0x45	; 69
   1fcae:	19 f4       	brne	.+6      	; 0x1fcb6 <main+0xb2>
      // SET DEVICE EXT is ignored
      getNch(5);
   1fcb0:	85 e0       	ldi	r24, 0x05	; 5
   1fcb2:	bb d0       	rcall	.+374    	; 0x1fe2a <getNch>
   1fcb4:	86 c0       	rjmp	.+268    	; 0x1fdc2 <main+0x1be>
    }
    else if(ch == STK_LOAD_ADDRESS) {
   1fcb6:	85 35       	cpi	r24, 0x55	; 85
   1fcb8:	69 f4       	brne	.+26     	; 0x1fcd4 <main+0xd0>
      // LOAD ADDRESS
      uint16_t newAddress;
      newAddress = getch();
   1fcba:	9d d0       	rcall	.+314    	; 0x1fdf6 <getch>
   1fcbc:	88 2e       	mov	r8, r24
      newAddress = (newAddress & 0xff) | (getch() << 8);
   1fcbe:	9b d0       	rcall	.+310    	; 0x1fdf6 <getch>
   1fcc0:	91 2c       	mov	r9, r1
   1fcc2:	98 2a       	or	r9, r24
#ifdef RAMPZ
      // Transfer top bit to RAMPZ
      RAMPZ = (newAddress & 0x8000) ? 1 : 0;
   1fcc4:	89 2d       	mov	r24, r9
   1fcc6:	88 1f       	adc	r24, r24
   1fcc8:	88 27       	eor	r24, r24
   1fcca:	88 1f       	adc	r24, r24
   1fccc:	8b bf       	out	0x3b, r24	; 59
#endif
      newAddress += newAddress; // Convert from word address to byte address
   1fcce:	88 0c       	add	r8, r8
   1fcd0:	99 1c       	adc	r9, r9
   1fcd2:	76 c0       	rjmp	.+236    	; 0x1fdc0 <main+0x1bc>
      address = newAddress;
      verifySpace();
    }
    else if(ch == STK_UNIVERSAL) {
   1fcd4:	86 35       	cpi	r24, 0x56	; 86
   1fcd6:	21 f4       	brne	.+8      	; 0x1fce0 <main+0xdc>
      // UNIVERSAL command is ignored
      getNch(4);
   1fcd8:	84 e0       	ldi	r24, 0x04	; 4
   1fcda:	a7 d0       	rcall	.+334    	; 0x1fe2a <getNch>
      putch(0x00);
   1fcdc:	80 e0       	ldi	r24, 0x00	; 0
   1fcde:	e0 cf       	rjmp	.-64     	; 0x1fca0 <main+0x9c>
    }
    /* Write memory, length is big endian and is in bytes */
    else if(ch == STK_PROG_PAGE) {
   1fce0:	84 36       	cpi	r24, 0x64	; 100
   1fce2:	91 f6       	brne	.-92     	; 0x1fc88 <main+0x84>
      // PROGRAM PAGE - we support flash programming only, not EEPROM
      uint8_t desttype;
      uint8_t *bufPtr;
      pagelen_t savelength;

      GETLENGTH(length);
   1fce4:	88 d0       	rcall	.+272    	; 0x1fdf6 <getch>
   1fce6:	e8 2e       	mov	r14, r24
   1fce8:	f1 2c       	mov	r15, r1
   1fcea:	fe 2c       	mov	r15, r14
   1fcec:	ee 24       	eor	r14, r14
   1fcee:	83 d0       	rcall	.+262    	; 0x1fdf6 <getch>
   1fcf0:	e8 2a       	or	r14, r24
      savelength = length;
      desttype = getch();
   1fcf2:	81 d0       	rcall	.+258    	; 0x1fdf6 <getch>
   1fcf4:	b8 2e       	mov	r11, r24
      // PROGRAM PAGE - we support flash programming only, not EEPROM
      uint8_t desttype;
      uint8_t *bufPtr;
      pagelen_t savelength;

      GETLENGTH(length);
   1fcf6:	87 01       	movw	r16, r14
      savelength = length;
      desttype = getch();
   1fcf8:	c1 2c       	mov	r12, r1
   1fcfa:	32 e0       	ldi	r19, 0x02	; 2
   1fcfc:	d3 2e       	mov	r13, r19

      // read a page worth of contents
      bufPtr = buff;
      do *bufPtr++ = getch();
   1fcfe:	7b d0       	rcall	.+246    	; 0x1fdf6 <getch>
   1fd00:	f6 01       	movw	r30, r12
   1fd02:	81 93       	st	Z+, r24
   1fd04:	6f 01       	movw	r12, r30
      while (--length);
   1fd06:	01 50       	subi	r16, 0x01	; 1
   1fd08:	11 09       	sbc	r17, r1
   1fd0a:	c9 f7       	brne	.-14     	; 0x1fcfe <main+0xfa>

      // Read command terminator, start reply
      verifySpace();
   1fd0c:	86 d0       	rcall	.+268    	; 0x1fe1a <verifySpace>
 * void writebuffer(memtype, buffer, address, length)
 */
static inline void writebuffer(int8_t memtype, uint8_t *mybuff,
			       uint16_t address, pagelen_t len)
{
    switch (memtype) {
   1fd0e:	f5 e4       	ldi	r31, 0x45	; 69
   1fd10:	bf 12       	cpse	r11, r31
   1fd12:	12 c0       	rjmp	.+36     	; 0x1fd38 <main+0x134>
   1fd14:	e8 0c       	add	r14, r8
   1fd16:	f9 1c       	adc	r15, r9
   1fd18:	84 01       	movw	r16, r8
   1fd1a:	c1 2c       	mov	r12, r1
   1fd1c:	92 e0       	ldi	r25, 0x02	; 2
   1fd1e:	d9 2e       	mov	r13, r25
    case 'E': // EEPROM
#if defined(SUPPORT_EEPROM) || defined(BIGBOOT)
        while(len--) {
   1fd20:	0e 15       	cp	r16, r14
   1fd22:	1f 05       	cpc	r17, r15
   1fd24:	09 f4       	brne	.+2      	; 0x1fd28 <main+0x124>
   1fd26:	4d c0       	rjmp	.+154    	; 0x1fdc2 <main+0x1be>
	    eeprom_write_byte((uint8_t *)(address++), *mybuff++);
   1fd28:	f6 01       	movw	r30, r12
   1fd2a:	61 91       	ld	r22, Z+
   1fd2c:	6f 01       	movw	r12, r30
   1fd2e:	c8 01       	movw	r24, r16
   1fd30:	91 d0       	rcall	.+290    	; 0x1fe54 <__eewr_byte_m1280>
   1fd32:	0f 5f       	subi	r16, 0xFF	; 255
   1fd34:	1f 4f       	sbci	r17, 0xFF	; 255
   1fd36:	f4 cf       	rjmp	.-24     	; 0x1fd20 <main+0x11c>
	     * Start the page erase and wait for it to finish.  There
	     * used to be code to do this while receiving the data over
	     * the serial link, but the performance improvement was slight,
	     * and we needed the space back.
	     */
	    do_spm((uint16_t)(void*)address,__BOOT_PAGE_ERASE,0);
   1fd38:	40 e0       	ldi	r20, 0x00	; 0
   1fd3a:	50 e0       	ldi	r21, 0x00	; 0
   1fd3c:	63 e0       	ldi	r22, 0x03	; 3
   1fd3e:	c4 01       	movw	r24, r8
   1fd40:	43 d0       	rcall	.+134    	; 0x1fdc8 <do_spm>
   1fd42:	00 e0       	ldi	r16, 0x00	; 0
   1fd44:	10 e0       	ldi	r17, 0x00	; 0
   1fd46:	f8 01       	movw	r30, r16
   1fd48:	fe 5f       	subi	r31, 0xFE	; 254
	    /*
	     * Copy data from the buffer into the flash write buffer.
	     */
	    do {
		uint16_t a;
		a = *bufPtr++;
   1fd4a:	40 81       	ld	r20, Z
   1fd4c:	31 96       	adiw	r30, 0x01	; 1
		a |= (*bufPtr++) << 8;
   1fd4e:	80 81       	ld	r24, Z
   1fd50:	50 e0       	ldi	r21, 0x00	; 0
   1fd52:	58 2b       	or	r21, r24
		do_spm((uint16_t)(void*)addrPtr,__BOOT_PAGE_FILL,a);
   1fd54:	61 e0       	ldi	r22, 0x01	; 1
   1fd56:	c8 01       	movw	r24, r16
   1fd58:	88 0d       	add	r24, r8
   1fd5a:	99 1d       	adc	r25, r9
   1fd5c:	35 d0       	rcall	.+106    	; 0x1fdc8 <do_spm>
   1fd5e:	0e 5f       	subi	r16, 0xFE	; 254
   1fd60:	1f 4f       	sbci	r17, 0xFF	; 255
		addrPtr += 2;
	    } while (len -= 2);
   1fd62:	e0 16       	cp	r14, r16
   1fd64:	f1 06       	cpc	r15, r17
   1fd66:	79 f7       	brne	.-34     	; 0x1fd46 <main+0x142>

	    /*
	     * Actually Write the buffer to flash (and wait for it to finish.)
	     */
	    do_spm((uint16_t)(void*)address,__BOOT_PAGE_WRITE,0);
   1fd68:	40 e0       	ldi	r20, 0x00	; 0
   1fd6a:	50 e0       	ldi	r21, 0x00	; 0
   1fd6c:	65 e0       	ldi	r22, 0x05	; 5
   1fd6e:	c4 01       	movw	r24, r8
   1fd70:	2b d0       	rcall	.+86     	; 0x1fdc8 <do_spm>
   1fd72:	27 c0       	rjmp	.+78     	; 0x1fdc2 <main+0x1be>

    }
    /* Read memory block mode, length is big endian.  */
    else if(ch == STK_READ_PAGE) {
      uint8_t desttype;
      GETLENGTH(length);
   1fd74:	40 d0       	rcall	.+128    	; 0x1fdf6 <getch>
   1fd76:	08 2f       	mov	r16, r24
   1fd78:	10 e0       	ldi	r17, 0x00	; 0
   1fd7a:	10 2f       	mov	r17, r16
   1fd7c:	00 27       	eor	r16, r16
   1fd7e:	3b d0       	rcall	.+118    	; 0x1fdf6 <getch>
   1fd80:	08 2b       	or	r16, r24

      desttype = getch();
   1fd82:	39 d0       	rcall	.+114    	; 0x1fdf6 <getch>

      verifySpace();
   1fd84:	89 83       	std	Y+1, r24	; 0x01
   1fd86:	49 d0       	rcall	.+146    	; 0x1fe1a <verifySpace>

static inline void read_mem(uint8_t memtype, uint16_t address, pagelen_t length)
{
    uint8_t ch;

    switch (memtype) {
   1fd88:	89 81       	ldd	r24, Y+1	; 0x01
   1fd8a:	74 01       	movw	r14, r8
   1fd8c:	85 34       	cpi	r24, 0x45	; 69
   1fd8e:	61 f4       	brne	.+24     	; 0x1fda8 <main+0x1a4>

#if defined(SUPPORT_EEPROM) || defined(BIGBOOT)
    case 'E': // EEPROM
	do {
	    putch(eeprom_read_byte((uint8_t *)(address++)));
   1fd90:	c7 01       	movw	r24, r14
   1fd92:	58 d0       	rcall	.+176    	; 0x1fe44 <__eerd_byte_m1280>
   1fd94:	29 d0       	rcall	.+82     	; 0x1fde8 <putch>
	} while (--length);
   1fd96:	01 50       	subi	r16, 0x01	; 1
   1fd98:	11 09       	sbc	r17, r1
   1fd9a:	ff ef       	ldi	r31, 0xFF	; 255
   1fd9c:	ef 1a       	sub	r14, r31
   1fd9e:	ff 0a       	sbc	r15, r31
   1fda0:	01 15       	cp	r16, r1
   1fda2:	11 05       	cpc	r17, r1
   1fda4:	a9 f7       	brne	.-22     	; 0x1fd90 <main+0x18c>
   1fda6:	0d c0       	rjmp	.+26     	; 0x1fdc2 <main+0x1be>
	    __asm__ ("elpm %0,Z+\n" : "=r" (ch), "=z" (address): "1" (address));
#else
	    // read a Flash byte and increment the address
	    __asm__ ("lpm %0,Z+\n" : "=r" (ch), "=z" (address): "1" (address));
#endif
	    putch(ch);
   1fda8:	f7 01       	movw	r30, r14
   1fdaa:	87 91       	elpm	r24, Z+
   1fdac:	7f 01       	movw	r14, r30
   1fdae:	1c d0       	rcall	.+56     	; 0x1fde8 <putch>
	} while (--length);
   1fdb0:	01 50       	subi	r16, 0x01	; 1
   1fdb2:	11 09       	sbc	r17, r1
   1fdb4:	c9 f7       	brne	.-14     	; 0x1fda8 <main+0x1a4>
   1fdb6:	05 c0       	rjmp	.+10     	; 0x1fdc2 <main+0x1be>
      verifySpace();
      putch(SIGNATURE_0);
      putch(SIGNATURE_1);
      putch(SIGNATURE_2);
    }
    else if (ch == STK_LEAVE_PROGMODE) { /* 'Q' */
   1fdb8:	81 35       	cpi	r24, 0x51	; 81
   1fdba:	11 f4       	brne	.+4      	; 0x1fdc0 <main+0x1bc>
      // Adaboot no-wait mod
      watchdogConfig(WATCHDOG_16MS);
   1fdbc:	88 e0       	ldi	r24, 0x08	; 8
   1fdbe:	27 d0       	rcall	.+78     	; 0x1fe0e <watchdogConfig>
      verifySpace();
    }
    else {
      // This covers the response to commands like STK_ENTER_PROGMODE
      verifySpace();
   1fdc0:	2c d0       	rcall	.+88     	; 0x1fe1a <verifySpace>
    }
    putch(STK_OK);
   1fdc2:	80 e1       	ldi	r24, 0x10	; 16
   1fdc4:	11 d0       	rcall	.+34     	; 0x1fde8 <putch>
  }
   1fdc6:	51 cf       	rjmp	.-350    	; 0x1fc6a <main+0x66>

0001fdc8 <do_spm>:
 *   you could do fill-erase-write sequence with data!=0 in ERASE and
 *   data=0 in WRITE
 */
static void do_spm(uint16_t address, uint8_t command, uint16_t data) {
    // Do spm stuff
    asm volatile (
   1fdc8:	fc 01       	movw	r30, r24
   1fdca:	0a 01       	movw	r0, r20
   1fdcc:	67 bf       	out	0x37, r22	; 55
   1fdce:	e8 95       	spm
   1fdd0:	11 24       	eor	r1, r1
    );

    // wait for spm to complete
    //   it doesn't have much sense for __BOOT_PAGE_FILL,
    //   but it doesn't hurt and saves some bytes on 'if'
    boot_spm_busy_wait();
   1fdd2:	07 b6       	in	r0, 0x37	; 55
   1fdd4:	00 fc       	sbrc	r0, 0
   1fdd6:	fd cf       	rjmp	.-6      	; 0x1fdd2 <do_spm+0xa>
#if defined(RWWSRE)
    // this 'if' condition should be: (command == __BOOT_PAGE_WRITE || command == __BOOT_PAGE_ERASE)...
    // but it's tweaked a little assuming that in every command we are interested in here, there
    // must be also SELFPRGEN set. If we skip checking this bit, we save here 4B
    if ((command & (_BV(PGWRT)|_BV(PGERS))) && (data == 0) ) {
   1fdd8:	66 70       	andi	r22, 0x06	; 6
   1fdda:	29 f0       	breq	.+10     	; 0x1fde6 <do_spm+0x1e>
   1fddc:	45 2b       	or	r20, r21
   1fdde:	19 f4       	brne	.+6      	; 0x1fde6 <do_spm+0x1e>
      // Reenable read access to flash
      boot_rww_enable();
   1fde0:	81 e1       	ldi	r24, 0x11	; 17
   1fde2:	87 bf       	out	0x37, r24	; 55
   1fde4:	e8 95       	spm
   1fde6:	08 95       	ret

0001fde8 <putch>:
  }
}

void putch(char ch) {
#ifndef SOFT_UART
  while (!(UART_SRA & _BV(UDRE0)));
   1fde8:	90 91 c0 00 	lds	r25, 0x00C0
   1fdec:	95 ff       	sbrs	r25, 5
   1fdee:	fc cf       	rjmp	.-8      	; 0x1fde8 <putch>
  UART_UDR = ch;
   1fdf0:	80 93 c6 00 	sts	0x00C6, r24
   1fdf4:	08 95       	ret

0001fdf6 <getch>:
      [uartBit] "I" (UART_RX_BIT)
    :
      "r25"
);
#else
  while(!(UART_SRA & _BV(RXC0)))
   1fdf6:	80 91 c0 00 	lds	r24, 0x00C0
   1fdfa:	87 ff       	sbrs	r24, 7
   1fdfc:	fc cf       	rjmp	.-8      	; 0x1fdf6 <getch>
    ;
  if (!(UART_SRA & _BV(FE0))) {
   1fdfe:	80 91 c0 00 	lds	r24, 0x00C0
   1fe02:	84 fd       	sbrc	r24, 4
   1fe04:	01 c0       	rjmp	.+2      	; 0x1fe08 <getch+0x12>
}
#endif

// Watchdog functions. These are only safe with interrupts turned off.
void watchdogReset() {
  __asm__ __volatile__ (
   1fe06:	a8 95       	wdr
       * don't care that an invalid char is returned...)
       */
    watchdogReset();
  }

  ch = UART_UDR;
   1fe08:	80 91 c6 00 	lds	r24, 0x00C6
  LED_PIN |= _BV(LED);
#endif
#endif

  return ch;
}
   1fe0c:	08 95       	ret

0001fe0e <watchdogConfig>:
    "wdr\n"
  );
}

void watchdogConfig(uint8_t x) {
  WDTCSR = _BV(WDCE) | _BV(WDE);
   1fe0e:	e0 e6       	ldi	r30, 0x60	; 96
   1fe10:	f0 e0       	ldi	r31, 0x00	; 0
   1fe12:	98 e1       	ldi	r25, 0x18	; 24
   1fe14:	90 83       	st	Z, r25
  WDTCSR = x;
   1fe16:	80 83       	st	Z, r24
   1fe18:	08 95       	ret

0001fe1a <verifySpace>:
  do getch(); while (--count);
  verifySpace();
}

void verifySpace() {
  if (getch() != CRC_EOP) {
   1fe1a:	ed df       	rcall	.-38     	; 0x1fdf6 <getch>
   1fe1c:	80 32       	cpi	r24, 0x20	; 32
   1fe1e:	19 f0       	breq	.+6      	; 0x1fe26 <verifySpace+0xc>
    watchdogConfig(WATCHDOG_16MS);    // shorten WD timeout
   1fe20:	88 e0       	ldi	r24, 0x08	; 8
   1fe22:	f5 df       	rcall	.-22     	; 0x1fe0e <watchdogConfig>
   1fe24:	ff cf       	rjmp	.-2      	; 0x1fe24 <verifySpace+0xa>
    while (1)			      // and busy-loop so that WD causes
      ;				      //  a reset and app start.
  }
  putch(STK_INSYNC);
   1fe26:	84 e1       	ldi	r24, 0x14	; 20
   1fe28:	df cf       	rjmp	.-66     	; 0x1fde8 <putch>

0001fe2a <getNch>:
    ::[count] "M" (UART_B_VALUE)
  );
}
#endif

void getNch(uint8_t count) {
   1fe2a:	cf 93       	push	r28
   1fe2c:	c8 2f       	mov	r28, r24
  do getch(); while (--count);
   1fe2e:	e3 df       	rcall	.-58     	; 0x1fdf6 <getch>
   1fe30:	c1 50       	subi	r28, 0x01	; 1
   1fe32:	e9 f7       	brne	.-6      	; 0x1fe2e <getNch+0x4>
  verifySpace();
}
   1fe34:	cf 91       	pop	r28
}
#endif

void getNch(uint8_t count) {
  do getch(); while (--count);
  verifySpace();
   1fe36:	f1 cf       	rjmp	.-30     	; 0x1fe1a <verifySpace>

0001fe38 <appStart>:

void appStart(uint8_t rstFlags) {
  // save the reset flags in the designated register
  //  This can be saved in a main program by putting code in .init0 (which
  //  executes before normal c init code) to save R2 to a global variable.
  __asm__ __volatile__ ("mov r2, %0\n" :: "r" (rstFlags));
   1fe38:	28 2e       	mov	r2, r24

  watchdogConfig(WATCHDOG_OFF);
   1fe3a:	80 e0       	ldi	r24, 0x00	; 0
   1fe3c:	e8 df       	rcall	.-48     	; 0x1fe0e <watchdogConfig>
  // Note that appstart_vec is defined so that this works with either
  // real or virtual boot partitions.
  __asm__ __volatile__ (
   1fe3e:	e0 e0       	ldi	r30, 0x00	; 0
   1fe40:	ff 27       	eor	r31, r31
   1fe42:	09 94       	ijmp

0001fe44 <__eerd_byte_m1280>:
   1fe44:	f9 99       	sbic	0x1f, 1	; 31
   1fe46:	fe cf       	rjmp	.-4      	; 0x1fe44 <__eerd_byte_m1280>
   1fe48:	92 bd       	out	0x22, r25	; 34
   1fe4a:	81 bd       	out	0x21, r24	; 33
   1fe4c:	f8 9a       	sbi	0x1f, 0	; 31
   1fe4e:	99 27       	eor	r25, r25
   1fe50:	80 b5       	in	r24, 0x20	; 32
   1fe52:	08 95       	ret

0001fe54 <__eewr_byte_m1280>:
   1fe54:	26 2f       	mov	r18, r22

0001fe56 <__eewr_r18_m1280>:
   1fe56:	f9 99       	sbic	0x1f, 1	; 31
   1fe58:	fe cf       	rjmp	.-4      	; 0x1fe56 <__eewr_r18_m1280>
   1fe5a:	1f ba       	out	0x1f, r1	; 31
   1fe5c:	92 bd       	out	0x22, r25	; 34
   1fe5e:	81 bd       	out	0x21, r24	; 33
   1fe60:	20 bd       	out	0x20, r18	; 32
   1fe62:	0f b6       	in	r0, 0x3f	; 63
   1fe64:	f8 94       	cli
   1fe66:	fa 9a       	sbi	0x1f, 2	; 31
   1fe68:	f9 9a       	sbi	0x1f, 1	; 31
   1fe6a:	0f be       	out	0x3f, r0	; 63
   1fe6c:	01 96       	adiw	r24, 0x01	; 1
   1fe6e:	08 95       	ret
